{
  "RSpec": {
    "coverage": {
      "/mnt/c/Users/JTSar/tic-tac-toe-rb/lib/tic_tac_toe.rb": [
        null,
        1,
        5,
        5,
        5,
        5,
        5,
        null,
        null,
        1,
        3,
        3,
        null,
        null,
        1,
        12,
        null,
        null,
        1,
        3,
        null,
        null,
        null,
        1,
        null,
        null,
        null,
        null,
        null,
        null,
        null,
        null,
        null,
        null,
        null,
        null,
        null,
        null,
        null,
        null,
        null,
        20,
        0,
        null,
        null,
        10,
        68,
        null,
        null,
        null,
        null,
        null,
        null,
        null,
        1,
        9,
        60,
        null,
        null,
        null,
        null,
        1,
        5,
        2,
        null,
        null,
        null,
        1,
        3,
        null,
        null,
        1,
        3,
        1,
        null,
        2,
        2,
        null,
        null,
        null,
        null,
        null,
        null,
        null,
        1,
        null,
        null,
        null,
        null,
        null,
        null,
        null,
        null,
        null,
        null
      ]
    },
    "timestamp": 1653218972
  }
}
